{"/Users/brijalsavaliya/brijal/brijalsavaliya/PersonalProjects/ipdAnalysis/ipd-analysis-backend-api/src/config/index.js": {"path":"/Users/brijalsavaliya/brijal/brijalsavaliya/PersonalProjects/ipdAnalysis/ipd-analysis-backend-api/src/config/index.js","statementMap":{"0":{"start":{"line":1,"column":0},"end":{"line":1,"column":26}},"1":{"start":{"line":2,"column":15},"end":{"line":8,"column":1}},"2":{"start":{"line":9,"column":0},"end":{"line":9,"column":23}}},"fnMap":{},"branchMap":{"0":{"loc":{"start":{"line":6,"column":27},"end":{"line":6,"column":93}},"type":"cond-expr","locations":[{"start":{"line":6,"column":70},"end":{"line":6,"column":79}},{"start":{"line":6,"column":82},"end":{"line":6,"column":93}}],"line":6},"1":{"loc":{"start":{"line":7,"column":20},"end":{"line":7,"column":149}},"type":"cond-expr","locations":[{"start":{"line":7,"column":63},"end":{"line":7,"column":85}},{"start":{"line":7,"column":89},"end":{"line":7,"column":148}}],"line":7},"2":{"loc":{"start":{"line":7,"column":89},"end":{"line":7,"column":148}},"type":"cond-expr","locations":[{"start":{"line":7,"column":123},"end":{"line":7,"column":133}},{"start":{"line":7,"column":136},"end":{"line":7,"column":148}}],"line":7}},"s":{"0":2,"1":2,"2":2},"f":{},"b":{"0":[0,2],"1":[0,2],"2":[2,0]},"_coverageSchema":"1a1c01bbd47fc00a2c39e90264f33305004495a9","hash":"4cd30257622f3fe816a2cae61a86b95fbda1bb6a"}
,"/Users/brijalsavaliya/brijal/brijalsavaliya/PersonalProjects/ipdAnalysis/ipd-analysis-backend-api/src/controllers/report.controller.js": {"path":"/Users/brijalsavaliya/brijal/brijalsavaliya/PersonalProjects/ipdAnalysis/ipd-analysis-backend-api/src/controllers/report.controller.js","statementMap":{"0":{"start":{"line":2,"column":13},"end":{"line":2,"column":33}},"1":{"start":{"line":3,"column":11},"end":{"line":3,"column":24}},"2":{"start":{"line":4,"column":54},"end":{"line":4,"column":74}},"3":{"start":{"line":5,"column":22},"end":{"line":5,"column":51}},"4":{"start":{"line":7,"column":0},"end":{"line":58,"column":1}},"5":{"start":{"line":8,"column":4},"end":{"line":8,"column":58}},"6":{"start":{"line":9,"column":4},"end":{"line":9,"column":23}},"7":{"start":{"line":10,"column":4},"end":{"line":57,"column":6}},"8":{"start":{"line":11,"column":8},"end":{"line":11,"column":29}},"9":{"start":{"line":12,"column":8},"end":{"line":14,"column":9}},"10":{"start":{"line":13,"column":12},"end":{"line":13,"column":75}},"11":{"start":{"line":15,"column":8},"end":{"line":15,"column":36}},"12":{"start":{"line":16,"column":8},"end":{"line":18,"column":9}},"13":{"start":{"line":17,"column":12},"end":{"line":17,"column":86}},"14":{"start":{"line":20,"column":18},"end":{"line":20,"column":79}},"15":{"start":{"line":21,"column":19},"end":{"line":21,"column":21}},"16":{"start":{"line":22,"column":23},"end":{"line":22,"column":25}},"17":{"start":{"line":24,"column":8},"end":{"line":33,"column":9}},"18":{"start":{"line":24,"column":20},"end":{"line":24,"column":21}},"19":{"start":{"line":26,"column":24},"end":{"line":26,"column":30}},"20":{"start":{"line":28,"column":12},"end":{"line":32,"column":13}},"21":{"start":{"line":28,"column":24},"end":{"line":28,"column":25}},"22":{"start":{"line":31,"column":20},"end":{"line":31,"column":48}},"23":{"start":{"line":36,"column":8},"end":{"line":39,"column":9}},"24":{"start":{"line":36,"column":20},"end":{"line":36,"column":21}},"25":{"start":{"line":38,"column":12},"end":{"line":38,"column":49}},"26":{"start":{"line":43,"column":8},"end":{"line":55,"column":11}},"27":{"start":{"line":44,"column":12},"end":{"line":49,"column":13}},"28":{"start":{"line":45,"column":16},"end":{"line":48,"column":18}},"29":{"start":{"line":51,"column":12},"end":{"line":54,"column":14}},"30":{"start":{"line":60,"column":0},"end":{"line":73,"column":1}},"31":{"start":{"line":62,"column":20},"end":{"line":62,"column":62}},"32":{"start":{"line":63,"column":4},"end":{"line":68,"column":5}},"33":{"start":{"line":64,"column":8},"end":{"line":67,"column":10}},"34":{"start":{"line":66,"column":56},"end":{"line":66,"column":68}},"35":{"start":{"line":66,"column":85},"end":{"line":66,"column":95}},"36":{"start":{"line":69,"column":4},"end":{"line":72,"column":6}},"37":{"start":{"line":75,"column":0},"end":{"line":126,"column":1}},"38":{"start":{"line":76,"column":74},"end":{"line":76,"column":82}},"39":{"start":{"line":77,"column":4},"end":{"line":82,"column":5}},"40":{"start":{"line":78,"column":8},"end":{"line":81,"column":10}},"41":{"start":{"line":83,"column":20},"end":{"line":83,"column":62}},"42":{"start":{"line":84,"column":4},"end":{"line":121,"column":5}},"43":{"start":{"line":85,"column":30},"end":{"line":85,"column":104}},"44":{"start":{"line":85,"column":62},"end":{"line":85,"column":74}},"45":{"start":{"line":85,"column":91},"end":{"line":85,"column":101}},"46":{"start":{"line":86,"column":8},"end":{"line":91,"column":9}},"47":{"start":{"line":87,"column":12},"end":{"line":90,"column":14}},"48":{"start":{"line":93,"column":27},"end":{"line":98,"column":13}},"49":{"start":{"line":94,"column":12},"end":{"line":96,"column":13}},"50":{"start":{"line":95,"column":16},"end":{"line":95,"column":71}},"51":{"start":{"line":97,"column":12},"end":{"line":97,"column":24}},"52":{"start":{"line":100,"column":32},"end":{"line":105,"column":13}},"53":{"start":{"line":101,"column":12},"end":{"line":103,"column":13}},"54":{"start":{"line":102,"column":16},"end":{"line":102,"column":77}},"55":{"start":{"line":104,"column":12},"end":{"line":104,"column":24}},"56":{"start":{"line":107,"column":8},"end":{"line":112,"column":9}},"57":{"start":{"line":108,"column":12},"end":{"line":111,"column":14}},"58":{"start":{"line":113,"column":8},"end":{"line":120,"column":10}},"59":{"start":{"line":122,"column":4},"end":{"line":125,"column":6}},"60":{"start":{"line":128,"column":0},"end":{"line":134,"column":1}},"61":{"start":{"line":129,"column":4},"end":{"line":129,"column":58}},"62":{"start":{"line":130,"column":4},"end":{"line":133,"column":6}}},"fnMap":{"0":{"name":"(anonymous_0)","decl":{"start":{"line":7,"column":17},"end":{"line":7,"column":18}},"loc":{"start":{"line":7,"column":43},"end":{"line":58,"column":1}},"line":7},"1":{"name":"(anonymous_1)","decl":{"start":{"line":10,"column":35},"end":{"line":10,"column":36}},"loc":{"start":{"line":10,"column":50},"end":{"line":57,"column":5}},"line":10},"2":{"name":"(anonymous_2)","decl":{"start":{"line":43,"column":81},"end":{"line":43,"column":82}},"loc":{"start":{"line":43,"column":95},"end":{"line":55,"column":9}},"line":43},"3":{"name":"(anonymous_3)","decl":{"start":{"line":60,"column":21},"end":{"line":60,"column":22}},"loc":{"start":{"line":60,"column":47},"end":{"line":73,"column":1}},"line":60},"4":{"name":"(anonymous_4)","decl":{"start":{"line":66,"column":48},"end":{"line":66,"column":49}},"loc":{"start":{"line":66,"column":56},"end":{"line":66,"column":68}},"line":66},"5":{"name":"(anonymous_5)","decl":{"start":{"line":66,"column":77},"end":{"line":66,"column":78}},"loc":{"start":{"line":66,"column":85},"end":{"line":66,"column":95}},"line":66},"6":{"name":"(anonymous_6)","decl":{"start":{"line":75,"column":18},"end":{"line":75,"column":19}},"loc":{"start":{"line":75,"column":44},"end":{"line":126,"column":1}},"line":75},"7":{"name":"(anonymous_7)","decl":{"start":{"line":85,"column":54},"end":{"line":85,"column":55}},"loc":{"start":{"line":85,"column":62},"end":{"line":85,"column":74}},"line":85},"8":{"name":"(anonymous_8)","decl":{"start":{"line":85,"column":83},"end":{"line":85,"column":84}},"loc":{"start":{"line":85,"column":91},"end":{"line":85,"column":101}},"line":85},"9":{"name":"(anonymous_9)","decl":{"start":{"line":93,"column":42},"end":{"line":93,"column":43}},"loc":{"start":{"line":93,"column":58},"end":{"line":98,"column":9}},"line":93},"10":{"name":"(anonymous_10)","decl":{"start":{"line":100,"column":47},"end":{"line":100,"column":48}},"loc":{"start":{"line":100,"column":63},"end":{"line":105,"column":9}},"line":100},"11":{"name":"(anonymous_11)","decl":{"start":{"line":128,"column":15},"end":{"line":128,"column":16}},"loc":{"start":{"line":128,"column":41},"end":{"line":134,"column":1}},"line":128}},"branchMap":{"0":{"loc":{"start":{"line":12,"column":8},"end":{"line":14,"column":9}},"type":"if","locations":[{"start":{"line":12,"column":8},"end":{"line":14,"column":9}},{"start":{"line":12,"column":8},"end":{"line":14,"column":9}}],"line":12},"1":{"loc":{"start":{"line":16,"column":8},"end":{"line":18,"column":9}},"type":"if","locations":[{"start":{"line":16,"column":8},"end":{"line":18,"column":9}},{"start":{"line":16,"column":8},"end":{"line":18,"column":9}}],"line":16},"2":{"loc":{"start":{"line":44,"column":12},"end":{"line":49,"column":13}},"type":"if","locations":[{"start":{"line":44,"column":12},"end":{"line":49,"column":13}},{"start":{"line":44,"column":12},"end":{"line":49,"column":13}}],"line":44},"3":{"loc":{"start":{"line":63,"column":4},"end":{"line":68,"column":5}},"type":"if","locations":[{"start":{"line":63,"column":4},"end":{"line":68,"column":5}},{"start":{"line":63,"column":4},"end":{"line":68,"column":5}}],"line":63},"4":{"loc":{"start":{"line":76,"column":12},"end":{"line":76,"column":32}},"type":"default-arg","locations":[{"start":{"line":76,"column":23},"end":{"line":76,"column":32}}],"line":76},"5":{"loc":{"start":{"line":76,"column":34},"end":{"line":76,"column":50}},"type":"default-arg","locations":[{"start":{"line":76,"column":41},"end":{"line":76,"column":50}}],"line":76},"6":{"loc":{"start":{"line":76,"column":52},"end":{"line":76,"column":69}},"type":"default-arg","locations":[{"start":{"line":76,"column":60},"end":{"line":76,"column":69}}],"line":76},"7":{"loc":{"start":{"line":77,"column":4},"end":{"line":82,"column":5}},"type":"if","locations":[{"start":{"line":77,"column":4},"end":{"line":82,"column":5}},{"start":{"line":77,"column":4},"end":{"line":82,"column":5}}],"line":77},"8":{"loc":{"start":{"line":77,"column":8},"end":{"line":77,"column":36}},"type":"binary-expr","locations":[{"start":{"line":77,"column":8},"end":{"line":77,"column":17}},{"start":{"line":77,"column":21},"end":{"line":77,"column":26}},{"start":{"line":77,"column":30},"end":{"line":77,"column":36}}],"line":77},"9":{"loc":{"start":{"line":84,"column":4},"end":{"line":121,"column":5}},"type":"if","locations":[{"start":{"line":84,"column":4},"end":{"line":121,"column":5}},{"start":{"line":84,"column":4},"end":{"line":121,"column":5}}],"line":84},"10":{"loc":{"start":{"line":86,"column":8},"end":{"line":91,"column":9}},"type":"if","locations":[{"start":{"line":86,"column":8},"end":{"line":91,"column":9}},{"start":{"line":86,"column":8},"end":{"line":91,"column":9}}],"line":86},"11":{"loc":{"start":{"line":94,"column":12},"end":{"line":96,"column":13}},"type":"if","locations":[{"start":{"line":94,"column":12},"end":{"line":96,"column":13}},{"start":{"line":94,"column":12},"end":{"line":96,"column":13}}],"line":94},"12":{"loc":{"start":{"line":101,"column":12},"end":{"line":103,"column":13}},"type":"if","locations":[{"start":{"line":101,"column":12},"end":{"line":103,"column":13}},{"start":{"line":101,"column":12},"end":{"line":103,"column":13}}],"line":101},"13":{"loc":{"start":{"line":107,"column":8},"end":{"line":112,"column":9}},"type":"if","locations":[{"start":{"line":107,"column":8},"end":{"line":112,"column":9}},{"start":{"line":107,"column":8},"end":{"line":112,"column":9}}],"line":107},"14":{"loc":{"start":{"line":107,"column":11},"end":{"line":107,"column":54}},"type":"binary-expr","locations":[{"start":{"line":107,"column":11},"end":{"line":107,"column":28}},{"start":{"line":107,"column":32},"end":{"line":107,"column":54}}],"line":107}},"s":{"0":1,"1":1,"2":1,"3":1,"4":1,"5":1,"6":1,"7":1,"8":0,"9":0,"10":0,"11":0,"12":0,"13":0,"14":0,"15":0,"16":0,"17":0,"18":0,"19":0,"20":0,"21":0,"22":0,"23":0,"24":0,"25":0,"26":0,"27":0,"28":0,"29":0,"30":1,"31":3,"32":3,"33":2,"34":4,"35":4,"36":1,"37":1,"38":5,"39":5,"40":1,"41":4,"42":4,"43":3,"44":5,"45":5,"46":3,"47":1,"48":2,"49":3,"50":2,"51":1,"52":2,"53":3,"54":2,"55":1,"56":2,"57":1,"58":1,"59":1,"60":1,"61":1,"62":1},"f":{"0":1,"1":0,"2":0,"3":3,"4":4,"5":4,"6":5,"7":5,"8":5,"9":3,"10":3,"11":1},"b":{"0":[0,0],"1":[0,0],"2":[0,0],"3":[2,1],"4":[1],"5":[0],"6":[0],"7":[1,4],"8":[5,4,4],"9":[3,1],"10":[1,2],"11":[2,1],"12":[2,1],"13":[1,1],"14":[2,1]},"_coverageSchema":"1a1c01bbd47fc00a2c39e90264f33305004495a9","hash":"df28d30442da4d7ef1178b9f60c4d9adf6ad4ef2"}
,"/Users/brijalsavaliya/brijal/brijalsavaliya/PersonalProjects/ipdAnalysis/ipd-analysis-backend-api/src/services/helper.js": {"path":"/Users/brijalsavaliya/brijal/brijalsavaliya/PersonalProjects/ipdAnalysis/ipd-analysis-backend-api/src/services/helper.js","statementMap":{"0":{"start":{"line":2,"column":11},"end":{"line":2,"column":24}},"1":{"start":{"line":3,"column":15},"end":{"line":3,"column":32}},"2":{"start":{"line":4,"column":12},"end":{"line":4,"column":33}},"3":{"start":{"line":5,"column":13},"end":{"line":5,"column":28}},"4":{"start":{"line":6,"column":72},"end":{"line":6,"column":92}},"5":{"start":{"line":8,"column":16},"end":{"line":16,"column":2}},"6":{"start":{"line":10,"column":8},"end":{"line":10,"column":41}},"7":{"start":{"line":13,"column":28},"end":{"line":13,"column":38}},"8":{"start":{"line":14,"column":8},"end":{"line":14,"column":131}},"9":{"start":{"line":18,"column":15},"end":{"line":30,"column":21}},"10":{"start":{"line":21,"column":18},"end":{"line":21,"column":49}},"11":{"start":{"line":22,"column":8},"end":{"line":24,"column":9}},"12":{"start":{"line":23,"column":12},"end":{"line":23,"column":120}},"13":{"start":{"line":25,"column":8},"end":{"line":25,"column":28}},"14":{"start":{"line":32,"column":24},"end":{"line":35,"column":1}},"15":{"start":{"line":33,"column":18},"end":{"line":33,"column":37}},"16":{"start":{"line":34,"column":4},"end":{"line":34,"column":80}},"17":{"start":{"line":34,"column":28},"end":{"line":34,"column":79}},"18":{"start":{"line":37,"column":29},"end":{"line":53,"column":1}},"19":{"start":{"line":38,"column":4},"end":{"line":51,"column":5}},"20":{"start":{"line":39,"column":24},"end":{"line":39,"column":26}},"21":{"start":{"line":40,"column":8},"end":{"line":50,"column":11}},"22":{"start":{"line":41,"column":12},"end":{"line":49,"column":37}},"23":{"start":{"line":44,"column":20},"end":{"line":44,"column":41}},"24":{"start":{"line":47,"column":20},"end":{"line":47,"column":37}},"25":{"start":{"line":52,"column":4},"end":{"line":52,"column":16}},"26":{"start":{"line":55,"column":0},"end":{"line":59,"column":3}}},"fnMap":{"0":{"name":"(anonymous_0)","decl":{"start":{"line":9,"column":17},"end":{"line":9,"column":18}},"loc":{"start":{"line":9,"column":42},"end":{"line":11,"column":5}},"line":9},"1":{"name":"(anonymous_1)","decl":{"start":{"line":12,"column":14},"end":{"line":12,"column":15}},"loc":{"start":{"line":12,"column":39},"end":{"line":15,"column":5}},"line":12},"2":{"name":"(anonymous_2)","decl":{"start":{"line":20,"column":16},"end":{"line":20,"column":17}},"loc":{"start":{"line":20,"column":47},"end":{"line":26,"column":5}},"line":20},"3":{"name":"(anonymous_3)","decl":{"start":{"line":32,"column":24},"end":{"line":32,"column":25}},"loc":{"start":{"line":32,"column":33},"end":{"line":35,"column":1}},"line":32},"4":{"name":"(anonymous_4)","decl":{"start":{"line":34,"column":18},"end":{"line":34,"column":19}},"loc":{"start":{"line":34,"column":28},"end":{"line":34,"column":79}},"line":34},"5":{"name":"(anonymous_5)","decl":{"start":{"line":37,"column":29},"end":{"line":37,"column":30}},"loc":{"start":{"line":37,"column":35},"end":{"line":53,"column":1}},"line":37},"6":{"name":"(anonymous_6)","decl":{"start":{"line":40,"column":27},"end":{"line":40,"column":28}},"loc":{"start":{"line":40,"column":48},"end":{"line":50,"column":9}},"line":40},"7":{"name":"(anonymous_7)","decl":{"start":{"line":43,"column":28},"end":{"line":43,"column":29}},"loc":{"start":{"line":43,"column":45},"end":{"line":45,"column":17}},"line":43},"8":{"name":"(anonymous_8)","decl":{"start":{"line":46,"column":26},"end":{"line":46,"column":27}},"loc":{"start":{"line":46,"column":37},"end":{"line":48,"column":17}},"line":46}},"branchMap":{"0":{"loc":{"start":{"line":22,"column":8},"end":{"line":24,"column":9}},"type":"if","locations":[{"start":{"line":22,"column":8},"end":{"line":24,"column":9}},{"start":{"line":22,"column":8},"end":{"line":24,"column":9}}],"line":22},"1":{"loc":{"start":{"line":22,"column":11},"end":{"line":22,"column":44}},"type":"binary-expr","locations":[{"start":{"line":22,"column":11},"end":{"line":22,"column":26}},{"start":{"line":22,"column":30},"end":{"line":22,"column":44}}],"line":22},"2":{"loc":{"start":{"line":38,"column":4},"end":{"line":51,"column":5}},"type":"if","locations":[{"start":{"line":38,"column":4},"end":{"line":51,"column":5}},{"start":{"line":38,"column":4},"end":{"line":51,"column":5}}],"line":38}},"s":{"0":2,"1":2,"2":2,"3":2,"4":2,"5":2,"6":0,"7":0,"8":0,"9":2,"10":0,"11":0,"12":0,"13":0,"14":2,"15":1,"16":1,"17":1,"18":2,"19":2,"20":1,"21":1,"22":1,"23":0,"24":0,"25":1,"26":2},"f":{"0":0,"1":0,"2":0,"3":1,"4":1,"5":2,"6":1,"7":0,"8":0},"b":{"0":[0,0],"1":[0,0],"2":[1,1]},"_coverageSchema":"1a1c01bbd47fc00a2c39e90264f33305004495a9","hash":"172e327bee5b757c1cdf041a403c73407b5ea02b"}
}
