{"/Users/brijalsavaliya/brijal/brijalsavaliya/PersonalProjects/ipdAnalysis/ipd-analysis-backend-api/src/config/index.js": {"path":"/Users/brijalsavaliya/brijal/brijalsavaliya/PersonalProjects/ipdAnalysis/ipd-analysis-backend-api/src/config/index.js","statementMap":{"0":{"start":{"line":1,"column":0},"end":{"line":1,"column":26}},"1":{"start":{"line":2,"column":15},"end":{"line":8,"column":1}},"2":{"start":{"line":9,"column":0},"end":{"line":9,"column":23}}},"fnMap":{},"branchMap":{"0":{"loc":{"start":{"line":6,"column":27},"end":{"line":6,"column":93}},"type":"cond-expr","locations":[{"start":{"line":6,"column":70},"end":{"line":6,"column":79}},{"start":{"line":6,"column":82},"end":{"line":6,"column":93}}],"line":6},"1":{"loc":{"start":{"line":7,"column":20},"end":{"line":7,"column":149}},"type":"cond-expr","locations":[{"start":{"line":7,"column":63},"end":{"line":7,"column":85}},{"start":{"line":7,"column":89},"end":{"line":7,"column":148}}],"line":7},"2":{"loc":{"start":{"line":7,"column":89},"end":{"line":7,"column":148}},"type":"cond-expr","locations":[{"start":{"line":7,"column":123},"end":{"line":7,"column":133}},{"start":{"line":7,"column":136},"end":{"line":7,"column":148}}],"line":7}},"s":{"0":2,"1":2,"2":2},"f":{},"b":{"0":[0,2],"1":[0,2],"2":[2,0]},"_coverageSchema":"1a1c01bbd47fc00a2c39e90264f33305004495a9","hash":"4cd30257622f3fe816a2cae61a86b95fbda1bb6a"}
,"/Users/brijalsavaliya/brijal/brijalsavaliya/PersonalProjects/ipdAnalysis/ipd-analysis-backend-api/src/controllers/report.controller.js": {"path":"/Users/brijalsavaliya/brijal/brijalsavaliya/PersonalProjects/ipdAnalysis/ipd-analysis-backend-api/src/controllers/report.controller.js","statementMap":{"0":{"start":{"line":2,"column":13},"end":{"line":2,"column":33}},"1":{"start":{"line":3,"column":11},"end":{"line":3,"column":24}},"2":{"start":{"line":4,"column":13},"end":{"line":4,"column":28}},"3":{"start":{"line":5,"column":54},"end":{"line":5,"column":74}},"4":{"start":{"line":6,"column":22},"end":{"line":6,"column":51}},"5":{"start":{"line":8,"column":0},"end":{"line":56,"column":1}},"6":{"start":{"line":9,"column":4},"end":{"line":9,"column":58}},"7":{"start":{"line":10,"column":4},"end":{"line":55,"column":6}},"8":{"start":{"line":11,"column":8},"end":{"line":13,"column":9}},"9":{"start":{"line":12,"column":12},"end":{"line":12,"column":75}},"10":{"start":{"line":14,"column":8},"end":{"line":16,"column":9}},"11":{"start":{"line":15,"column":12},"end":{"line":15,"column":86}},"12":{"start":{"line":18,"column":18},"end":{"line":18,"column":79}},"13":{"start":{"line":19,"column":19},"end":{"line":19,"column":21}},"14":{"start":{"line":20,"column":23},"end":{"line":20,"column":25}},"15":{"start":{"line":22,"column":8},"end":{"line":31,"column":9}},"16":{"start":{"line":22,"column":20},"end":{"line":22,"column":21}},"17":{"start":{"line":24,"column":24},"end":{"line":24,"column":30}},"18":{"start":{"line":26,"column":12},"end":{"line":30,"column":13}},"19":{"start":{"line":26,"column":24},"end":{"line":26,"column":25}},"20":{"start":{"line":29,"column":20},"end":{"line":29,"column":48}},"21":{"start":{"line":34,"column":8},"end":{"line":37,"column":9}},"22":{"start":{"line":34,"column":20},"end":{"line":34,"column":21}},"23":{"start":{"line":36,"column":12},"end":{"line":36,"column":49}},"24":{"start":{"line":41,"column":8},"end":{"line":53,"column":11}},"25":{"start":{"line":42,"column":12},"end":{"line":47,"column":13}},"26":{"start":{"line":43,"column":16},"end":{"line":46,"column":18}},"27":{"start":{"line":49,"column":12},"end":{"line":52,"column":14}},"28":{"start":{"line":58,"column":0},"end":{"line":71,"column":1}},"29":{"start":{"line":60,"column":20},"end":{"line":60,"column":62}},"30":{"start":{"line":61,"column":4},"end":{"line":66,"column":5}},"31":{"start":{"line":62,"column":8},"end":{"line":65,"column":10}},"32":{"start":{"line":64,"column":56},"end":{"line":64,"column":68}},"33":{"start":{"line":64,"column":85},"end":{"line":64,"column":95}},"34":{"start":{"line":67,"column":4},"end":{"line":70,"column":6}},"35":{"start":{"line":73,"column":0},"end":{"line":124,"column":1}},"36":{"start":{"line":74,"column":74},"end":{"line":74,"column":82}},"37":{"start":{"line":75,"column":4},"end":{"line":80,"column":5}},"38":{"start":{"line":76,"column":8},"end":{"line":79,"column":10}},"39":{"start":{"line":81,"column":20},"end":{"line":81,"column":62}},"40":{"start":{"line":82,"column":4},"end":{"line":119,"column":5}},"41":{"start":{"line":83,"column":30},"end":{"line":83,"column":104}},"42":{"start":{"line":83,"column":62},"end":{"line":83,"column":74}},"43":{"start":{"line":83,"column":91},"end":{"line":83,"column":101}},"44":{"start":{"line":84,"column":8},"end":{"line":89,"column":9}},"45":{"start":{"line":85,"column":12},"end":{"line":88,"column":14}},"46":{"start":{"line":91,"column":27},"end":{"line":96,"column":13}},"47":{"start":{"line":92,"column":12},"end":{"line":94,"column":13}},"48":{"start":{"line":93,"column":16},"end":{"line":93,"column":71}},"49":{"start":{"line":95,"column":12},"end":{"line":95,"column":24}},"50":{"start":{"line":98,"column":32},"end":{"line":103,"column":13}},"51":{"start":{"line":99,"column":12},"end":{"line":101,"column":13}},"52":{"start":{"line":100,"column":16},"end":{"line":100,"column":77}},"53":{"start":{"line":102,"column":12},"end":{"line":102,"column":24}},"54":{"start":{"line":105,"column":8},"end":{"line":110,"column":9}},"55":{"start":{"line":106,"column":12},"end":{"line":109,"column":14}},"56":{"start":{"line":111,"column":8},"end":{"line":118,"column":10}},"57":{"start":{"line":120,"column":4},"end":{"line":123,"column":6}},"58":{"start":{"line":126,"column":0},"end":{"line":210,"column":1}},"59":{"start":{"line":127,"column":37},"end":{"line":127,"column":45}},"60":{"start":{"line":128,"column":4},"end":{"line":133,"column":5}},"61":{"start":{"line":129,"column":8},"end":{"line":132,"column":10}},"62":{"start":{"line":134,"column":20},"end":{"line":134,"column":62}},"63":{"start":{"line":135,"column":4},"end":{"line":204,"column":5}},"64":{"start":{"line":136,"column":27},"end":{"line":136,"column":29}},"65":{"start":{"line":137,"column":8},"end":{"line":175,"column":9}},"66":{"start":{"line":137,"column":18},"end":{"line":137,"column":19}},"67":{"start":{"line":144,"column":23},"end":{"line":144,"column":24}},"68":{"start":{"line":145,"column":23},"end":{"line":145,"column":25}},"69":{"start":{"line":147,"column":12},"end":{"line":174,"column":13}},"70":{"start":{"line":148,"column":16},"end":{"line":157,"column":17}},"71":{"start":{"line":149,"column":36},"end":{"line":149,"column":50}},"72":{"start":{"line":150,"column":44},"end":{"line":150,"column":65}},"73":{"start":{"line":151,"column":20},"end":{"line":151,"column":49}},"74":{"start":{"line":152,"column":20},"end":{"line":152,"column":45}},"75":{"start":{"line":153,"column":20},"end":{"line":153,"column":46}},"76":{"start":{"line":155,"column":21},"end":{"line":157,"column":17}},"77":{"start":{"line":156,"column":20},"end":{"line":156,"column":41}},"78":{"start":{"line":158,"column":16},"end":{"line":172,"column":17}},"79":{"start":{"line":159,"column":20},"end":{"line":159,"column":46}},"80":{"start":{"line":160,"column":23},"end":{"line":172,"column":17}},"81":{"start":{"line":161,"column":20},"end":{"line":161,"column":50}},"82":{"start":{"line":163,"column":20},"end":{"line":163,"column":42}},"83":{"start":{"line":164,"column":20},"end":{"line":164,"column":50}},"84":{"start":{"line":165,"column":20},"end":{"line":165,"column":39}},"85":{"start":{"line":166,"column":20},"end":{"line":166,"column":41}},"86":{"start":{"line":167,"column":20},"end":{"line":167,"column":60}},"87":{"start":{"line":168,"column":20},"end":{"line":171,"column":21}},"88":{"start":{"line":169,"column":24},"end":{"line":169,"column":45}},"89":{"start":{"line":170,"column":24},"end":{"line":170,"column":33}},"90":{"start":{"line":173,"column":16},"end":{"line":173,"column":23}},"91":{"start":{"line":177,"column":26},"end":{"line":181,"column":10}},"92":{"start":{"line":182,"column":19},"end":{"line":182,"column":21}},"93":{"start":{"line":183,"column":23},"end":{"line":183,"column":25}},"94":{"start":{"line":185,"column":8},"end":{"line":185,"column":72}},"95":{"start":{"line":186,"column":8},"end":{"line":194,"column":9}},"96":{"start":{"line":186,"column":20},"end":{"line":186,"column":21}},"97":{"start":{"line":188,"column":28},"end":{"line":188,"column":30}},"98":{"start":{"line":190,"column":12},"end":{"line":192,"column":13}},"99":{"start":{"line":191,"column":16},"end":{"line":191,"column":47}},"100":{"start":{"line":193,"column":12},"end":{"line":193,"column":31}},"101":{"start":{"line":195,"column":8},"end":{"line":197,"column":9}},"102":{"start":{"line":195,"column":20},"end":{"line":195,"column":21}},"103":{"start":{"line":196,"column":12},"end":{"line":196,"column":49}},"104":{"start":{"line":198,"column":8},"end":{"line":198,"column":76}},"105":{"start":{"line":200,"column":8},"end":{"line":203,"column":10}},"106":{"start":{"line":206,"column":4},"end":{"line":209,"column":6}},"107":{"start":{"line":212,"column":0},"end":{"line":227,"column":1}},"108":{"start":{"line":213,"column":37},"end":{"line":213,"column":47}},"109":{"start":{"line":214,"column":4},"end":{"line":219,"column":5}},"110":{"start":{"line":215,"column":8},"end":{"line":218,"column":10}},"111":{"start":{"line":220,"column":4},"end":{"line":225,"column":5}},"112":{"start":{"line":221,"column":8},"end":{"line":224,"column":10}},"113":{"start":{"line":226,"column":4},"end":{"line":226,"column":68}},"114":{"start":{"line":229,"column":0},"end":{"line":235,"column":1}},"115":{"start":{"line":230,"column":4},"end":{"line":230,"column":58}},"116":{"start":{"line":231,"column":4},"end":{"line":234,"column":6}}},"fnMap":{"0":{"name":"(anonymous_0)","decl":{"start":{"line":8,"column":17},"end":{"line":8,"column":18}},"loc":{"start":{"line":8,"column":43},"end":{"line":56,"column":1}},"line":8},"1":{"name":"(anonymous_1)","decl":{"start":{"line":10,"column":35},"end":{"line":10,"column":36}},"loc":{"start":{"line":10,"column":50},"end":{"line":55,"column":5}},"line":10},"2":{"name":"(anonymous_2)","decl":{"start":{"line":41,"column":81},"end":{"line":41,"column":82}},"loc":{"start":{"line":41,"column":95},"end":{"line":53,"column":9}},"line":41},"3":{"name":"(anonymous_3)","decl":{"start":{"line":58,"column":21},"end":{"line":58,"column":22}},"loc":{"start":{"line":58,"column":47},"end":{"line":71,"column":1}},"line":58},"4":{"name":"(anonymous_4)","decl":{"start":{"line":64,"column":48},"end":{"line":64,"column":49}},"loc":{"start":{"line":64,"column":56},"end":{"line":64,"column":68}},"line":64},"5":{"name":"(anonymous_5)","decl":{"start":{"line":64,"column":77},"end":{"line":64,"column":78}},"loc":{"start":{"line":64,"column":85},"end":{"line":64,"column":95}},"line":64},"6":{"name":"(anonymous_6)","decl":{"start":{"line":73,"column":18},"end":{"line":73,"column":19}},"loc":{"start":{"line":73,"column":44},"end":{"line":124,"column":1}},"line":73},"7":{"name":"(anonymous_7)","decl":{"start":{"line":83,"column":54},"end":{"line":83,"column":55}},"loc":{"start":{"line":83,"column":62},"end":{"line":83,"column":74}},"line":83},"8":{"name":"(anonymous_8)","decl":{"start":{"line":83,"column":83},"end":{"line":83,"column":84}},"loc":{"start":{"line":83,"column":91},"end":{"line":83,"column":101}},"line":83},"9":{"name":"(anonymous_9)","decl":{"start":{"line":91,"column":42},"end":{"line":91,"column":43}},"loc":{"start":{"line":91,"column":58},"end":{"line":96,"column":9}},"line":91},"10":{"name":"(anonymous_10)","decl":{"start":{"line":98,"column":47},"end":{"line":98,"column":48}},"loc":{"start":{"line":98,"column":63},"end":{"line":103,"column":9}},"line":98},"11":{"name":"(anonymous_11)","decl":{"start":{"line":126,"column":26},"end":{"line":126,"column":27}},"loc":{"start":{"line":126,"column":52},"end":{"line":210,"column":1}},"line":126},"12":{"name":"(anonymous_12)","decl":{"start":{"line":212,"column":19},"end":{"line":212,"column":20}},"loc":{"start":{"line":212,"column":45},"end":{"line":227,"column":1}},"line":212},"13":{"name":"(anonymous_13)","decl":{"start":{"line":229,"column":15},"end":{"line":229,"column":16}},"loc":{"start":{"line":229,"column":41},"end":{"line":235,"column":1}},"line":229}},"branchMap":{"0":{"loc":{"start":{"line":11,"column":8},"end":{"line":13,"column":9}},"type":"if","locations":[{"start":{"line":11,"column":8},"end":{"line":13,"column":9}},{"start":{"line":11,"column":8},"end":{"line":13,"column":9}}],"line":11},"1":{"loc":{"start":{"line":14,"column":8},"end":{"line":16,"column":9}},"type":"if","locations":[{"start":{"line":14,"column":8},"end":{"line":16,"column":9}},{"start":{"line":14,"column":8},"end":{"line":16,"column":9}}],"line":14},"2":{"loc":{"start":{"line":42,"column":12},"end":{"line":47,"column":13}},"type":"if","locations":[{"start":{"line":42,"column":12},"end":{"line":47,"column":13}},{"start":{"line":42,"column":12},"end":{"line":47,"column":13}}],"line":42},"3":{"loc":{"start":{"line":61,"column":4},"end":{"line":66,"column":5}},"type":"if","locations":[{"start":{"line":61,"column":4},"end":{"line":66,"column":5}},{"start":{"line":61,"column":4},"end":{"line":66,"column":5}}],"line":61},"4":{"loc":{"start":{"line":74,"column":12},"end":{"line":74,"column":32}},"type":"default-arg","locations":[{"start":{"line":74,"column":23},"end":{"line":74,"column":32}}],"line":74},"5":{"loc":{"start":{"line":74,"column":34},"end":{"line":74,"column":50}},"type":"default-arg","locations":[{"start":{"line":74,"column":41},"end":{"line":74,"column":50}}],"line":74},"6":{"loc":{"start":{"line":74,"column":52},"end":{"line":74,"column":69}},"type":"default-arg","locations":[{"start":{"line":74,"column":60},"end":{"line":74,"column":69}}],"line":74},"7":{"loc":{"start":{"line":75,"column":4},"end":{"line":80,"column":5}},"type":"if","locations":[{"start":{"line":75,"column":4},"end":{"line":80,"column":5}},{"start":{"line":75,"column":4},"end":{"line":80,"column":5}}],"line":75},"8":{"loc":{"start":{"line":75,"column":8},"end":{"line":75,"column":36}},"type":"binary-expr","locations":[{"start":{"line":75,"column":8},"end":{"line":75,"column":17}},{"start":{"line":75,"column":21},"end":{"line":75,"column":26}},{"start":{"line":75,"column":30},"end":{"line":75,"column":36}}],"line":75},"9":{"loc":{"start":{"line":82,"column":4},"end":{"line":119,"column":5}},"type":"if","locations":[{"start":{"line":82,"column":4},"end":{"line":119,"column":5}},{"start":{"line":82,"column":4},"end":{"line":119,"column":5}}],"line":82},"10":{"loc":{"start":{"line":84,"column":8},"end":{"line":89,"column":9}},"type":"if","locations":[{"start":{"line":84,"column":8},"end":{"line":89,"column":9}},{"start":{"line":84,"column":8},"end":{"line":89,"column":9}}],"line":84},"11":{"loc":{"start":{"line":92,"column":12},"end":{"line":94,"column":13}},"type":"if","locations":[{"start":{"line":92,"column":12},"end":{"line":94,"column":13}},{"start":{"line":92,"column":12},"end":{"line":94,"column":13}}],"line":92},"12":{"loc":{"start":{"line":99,"column":12},"end":{"line":101,"column":13}},"type":"if","locations":[{"start":{"line":99,"column":12},"end":{"line":101,"column":13}},{"start":{"line":99,"column":12},"end":{"line":101,"column":13}}],"line":99},"13":{"loc":{"start":{"line":105,"column":8},"end":{"line":110,"column":9}},"type":"if","locations":[{"start":{"line":105,"column":8},"end":{"line":110,"column":9}},{"start":{"line":105,"column":8},"end":{"line":110,"column":9}}],"line":105},"14":{"loc":{"start":{"line":105,"column":11},"end":{"line":105,"column":54}},"type":"binary-expr","locations":[{"start":{"line":105,"column":11},"end":{"line":105,"column":28}},{"start":{"line":105,"column":32},"end":{"line":105,"column":54}}],"line":105},"15":{"loc":{"start":{"line":127,"column":12},"end":{"line":127,"column":32}},"type":"default-arg","locations":[{"start":{"line":127,"column":23},"end":{"line":127,"column":32}}],"line":127},"16":{"loc":{"start":{"line":128,"column":4},"end":{"line":133,"column":5}},"type":"if","locations":[{"start":{"line":128,"column":4},"end":{"line":133,"column":5}},{"start":{"line":128,"column":4},"end":{"line":133,"column":5}}],"line":128},"17":{"loc":{"start":{"line":128,"column":8},"end":{"line":128,"column":44}},"type":"binary-expr","locations":[{"start":{"line":128,"column":8},"end":{"line":128,"column":17}},{"start":{"line":128,"column":21},"end":{"line":128,"column":44}}],"line":128},"18":{"loc":{"start":{"line":135,"column":4},"end":{"line":204,"column":5}},"type":"if","locations":[{"start":{"line":135,"column":4},"end":{"line":204,"column":5}},{"start":{"line":135,"column":4},"end":{"line":204,"column":5}}],"line":135},"19":{"loc":{"start":{"line":148,"column":16},"end":{"line":157,"column":17}},"type":"if","locations":[{"start":{"line":148,"column":16},"end":{"line":157,"column":17}},{"start":{"line":148,"column":16},"end":{"line":157,"column":17}}],"line":148},"20":{"loc":{"start":{"line":155,"column":21},"end":{"line":157,"column":17}},"type":"if","locations":[{"start":{"line":155,"column":21},"end":{"line":157,"column":17}},{"start":{"line":155,"column":21},"end":{"line":157,"column":17}}],"line":155},"21":{"loc":{"start":{"line":158,"column":16},"end":{"line":172,"column":17}},"type":"if","locations":[{"start":{"line":158,"column":16},"end":{"line":172,"column":17}},{"start":{"line":158,"column":16},"end":{"line":172,"column":17}}],"line":158},"22":{"loc":{"start":{"line":160,"column":23},"end":{"line":172,"column":17}},"type":"if","locations":[{"start":{"line":160,"column":23},"end":{"line":172,"column":17}},{"start":{"line":160,"column":23},"end":{"line":172,"column":17}}],"line":160},"23":{"loc":{"start":{"line":168,"column":20},"end":{"line":171,"column":21}},"type":"if","locations":[{"start":{"line":168,"column":20},"end":{"line":171,"column":21}},{"start":{"line":168,"column":20},"end":{"line":171,"column":21}}],"line":168},"24":{"loc":{"start":{"line":168,"column":23},"end":{"line":168,"column":48}},"type":"binary-expr","locations":[{"start":{"line":168,"column":23},"end":{"line":168,"column":32}},{"start":{"line":168,"column":36},"end":{"line":168,"column":48}}],"line":168},"25":{"loc":{"start":{"line":213,"column":12},"end":{"line":213,"column":32}},"type":"default-arg","locations":[{"start":{"line":213,"column":23},"end":{"line":213,"column":32}}],"line":213},"26":{"loc":{"start":{"line":214,"column":4},"end":{"line":219,"column":5}},"type":"if","locations":[{"start":{"line":214,"column":4},"end":{"line":219,"column":5}},{"start":{"line":214,"column":4},"end":{"line":219,"column":5}}],"line":214},"27":{"loc":{"start":{"line":214,"column":8},"end":{"line":214,"column":44}},"type":"binary-expr","locations":[{"start":{"line":214,"column":8},"end":{"line":214,"column":17}},{"start":{"line":214,"column":21},"end":{"line":214,"column":44}}],"line":214},"28":{"loc":{"start":{"line":220,"column":4},"end":{"line":225,"column":5}},"type":"if","locations":[{"start":{"line":220,"column":4},"end":{"line":225,"column":5}},{"start":{"line":220,"column":4},"end":{"line":225,"column":5}}],"line":220}},"s":{"0":1,"1":1,"2":1,"3":1,"4":1,"5":1,"6":1,"7":1,"8":0,"9":0,"10":0,"11":0,"12":0,"13":0,"14":0,"15":0,"16":0,"17":0,"18":0,"19":0,"20":0,"21":0,"22":0,"23":0,"24":0,"25":0,"26":0,"27":0,"28":1,"29":3,"30":3,"31":2,"32":4,"33":4,"34":1,"35":1,"36":5,"37":5,"38":1,"39":4,"40":4,"41":3,"42":5,"43":5,"44":3,"45":1,"46":2,"47":3,"48":2,"49":1,"50":2,"51":3,"52":2,"53":1,"54":2,"55":1,"56":1,"57":1,"58":1,"59":4,"60":4,"61":2,"62":2,"63":2,"64":1,"65":1,"66":1,"67":1,"68":1,"69":1,"70":4,"71":2,"72":2,"73":2,"74":2,"75":2,"76":2,"77":1,"78":4,"79":1,"80":3,"81":1,"82":2,"83":2,"84":2,"85":2,"86":2,"87":2,"88":1,"89":1,"90":4,"91":1,"92":1,"93":1,"94":1,"95":1,"96":1,"97":1,"98":1,"99":6,"100":1,"101":1,"102":1,"103":2,"104":1,"105":1,"106":1,"107":1,"108":4,"109":4,"110":2,"111":2,"112":1,"113":1,"114":1,"115":1,"116":1},"f":{"0":1,"1":0,"2":0,"3":3,"4":4,"5":4,"6":5,"7":5,"8":5,"9":3,"10":3,"11":4,"12":4,"13":1},"b":{"0":[0,0],"1":[0,0],"2":[0,0],"3":[2,1],"4":[1],"5":[0],"6":[0],"7":[1,4],"8":[5,4,4],"9":[3,1],"10":[1,2],"11":[2,1],"12":[2,1],"13":[1,1],"14":[2,1],"15":[1],"16":[2,2],"17":[4,3],"18":[1,1],"19":[2,2],"20":[1,1],"21":[1,3],"22":[1,2],"23":[1,1],"24":[2,2],"25":[1],"26":[2,2],"27":[4,3],"28":[1,1]},"_coverageSchema":"1a1c01bbd47fc00a2c39e90264f33305004495a9","hash":"6bd761330ca380538ab47969b2d5b09f1dc66be9"}
,"/Users/brijalsavaliya/brijal/brijalsavaliya/PersonalProjects/ipdAnalysis/ipd-analysis-backend-api/src/services/helper.js": {"path":"/Users/brijalsavaliya/brijal/brijalsavaliya/PersonalProjects/ipdAnalysis/ipd-analysis-backend-api/src/services/helper.js","statementMap":{"0":{"start":{"line":2,"column":11},"end":{"line":2,"column":24}},"1":{"start":{"line":3,"column":15},"end":{"line":3,"column":32}},"2":{"start":{"line":4,"column":12},"end":{"line":4,"column":33}},"3":{"start":{"line":5,"column":13},"end":{"line":5,"column":28}},"4":{"start":{"line":6,"column":72},"end":{"line":6,"column":92}},"5":{"start":{"line":8,"column":16},"end":{"line":16,"column":2}},"6":{"start":{"line":10,"column":8},"end":{"line":10,"column":41}},"7":{"start":{"line":13,"column":28},"end":{"line":13,"column":38}},"8":{"start":{"line":14,"column":8},"end":{"line":14,"column":131}},"9":{"start":{"line":18,"column":18},"end":{"line":60,"column":1}},"10":{"start":{"line":19,"column":20},"end":{"line":19,"column":43}},"11":{"start":{"line":22,"column":3},"end":{"line":24,"column":4}},"12":{"start":{"line":23,"column":7},"end":{"line":23,"column":20}},"13":{"start":{"line":27,"column":3},"end":{"line":29,"column":4}},"14":{"start":{"line":28,"column":7},"end":{"line":28,"column":147}},"15":{"start":{"line":31,"column":19},"end":{"line":40,"column":4}},"16":{"start":{"line":32,"column":7},"end":{"line":32,"column":54}},"17":{"start":{"line":34,"column":7},"end":{"line":36,"column":8}},"18":{"start":{"line":35,"column":11},"end":{"line":35,"column":20}},"19":{"start":{"line":39,"column":7},"end":{"line":39,"column":49}},"20":{"start":{"line":42,"column":3},"end":{"line":59,"column":6}},"21":{"start":{"line":43,"column":20},"end":{"line":43,"column":21}},"22":{"start":{"line":44,"column":19},"end":{"line":44,"column":20}},"23":{"start":{"line":47,"column":7},"end":{"line":56,"column":8}},"24":{"start":{"line":48,"column":23},"end":{"line":48,"column":38}},"25":{"start":{"line":50,"column":11},"end":{"line":55,"column":12}},"26":{"start":{"line":51,"column":33},"end":{"line":51,"column":48}},"27":{"start":{"line":53,"column":15},"end":{"line":53,"column":59}},"28":{"start":{"line":54,"column":15},"end":{"line":54,"column":23}},"29":{"start":{"line":58,"column":7},"end":{"line":58,"column":21}},"30":{"start":{"line":62,"column":15},"end":{"line":74,"column":21}},"31":{"start":{"line":65,"column":18},"end":{"line":65,"column":49}},"32":{"start":{"line":66,"column":8},"end":{"line":68,"column":9}},"33":{"start":{"line":67,"column":12},"end":{"line":67,"column":120}},"34":{"start":{"line":69,"column":8},"end":{"line":69,"column":28}},"35":{"start":{"line":76,"column":24},"end":{"line":79,"column":1}},"36":{"start":{"line":77,"column":18},"end":{"line":77,"column":37}},"37":{"start":{"line":78,"column":4},"end":{"line":78,"column":80}},"38":{"start":{"line":78,"column":28},"end":{"line":78,"column":79}},"39":{"start":{"line":81,"column":24},"end":{"line":83,"column":1}},"40":{"start":{"line":82,"column":4},"end":{"line":82,"column":30}},"41":{"start":{"line":85,"column":29},"end":{"line":101,"column":1}},"42":{"start":{"line":86,"column":4},"end":{"line":99,"column":5}},"43":{"start":{"line":87,"column":24},"end":{"line":87,"column":26}},"44":{"start":{"line":88,"column":8},"end":{"line":98,"column":11}},"45":{"start":{"line":89,"column":12},"end":{"line":97,"column":37}},"46":{"start":{"line":92,"column":20},"end":{"line":92,"column":41}},"47":{"start":{"line":95,"column":20},"end":{"line":95,"column":37}},"48":{"start":{"line":100,"column":4},"end":{"line":100,"column":16}},"49":{"start":{"line":103,"column":0},"end":{"line":109,"column":3}}},"fnMap":{"0":{"name":"(anonymous_0)","decl":{"start":{"line":9,"column":17},"end":{"line":9,"column":18}},"loc":{"start":{"line":9,"column":42},"end":{"line":11,"column":5}},"line":9},"1":{"name":"(anonymous_1)","decl":{"start":{"line":12,"column":14},"end":{"line":12,"column":15}},"loc":{"start":{"line":12,"column":39},"end":{"line":15,"column":5}},"line":12},"2":{"name":"(anonymous_2)","decl":{"start":{"line":18,"column":18},"end":{"line":18,"column":19}},"loc":{"start":{"line":18,"column":46},"end":{"line":60,"column":1}},"line":18},"3":{"name":"(anonymous_3)","decl":{"start":{"line":31,"column":19},"end":{"line":31,"column":20}},"loc":{"start":{"line":31,"column":40},"end":{"line":40,"column":4}},"line":31},"4":{"name":"(anonymous_4)","decl":{"start":{"line":42,"column":21},"end":{"line":42,"column":22}},"loc":{"start":{"line":42,"column":31},"end":{"line":59,"column":4}},"line":42},"5":{"name":"(anonymous_5)","decl":{"start":{"line":64,"column":16},"end":{"line":64,"column":17}},"loc":{"start":{"line":64,"column":47},"end":{"line":70,"column":5}},"line":64},"6":{"name":"(anonymous_6)","decl":{"start":{"line":76,"column":24},"end":{"line":76,"column":25}},"loc":{"start":{"line":76,"column":33},"end":{"line":79,"column":1}},"line":76},"7":{"name":"(anonymous_7)","decl":{"start":{"line":78,"column":18},"end":{"line":78,"column":19}},"loc":{"start":{"line":78,"column":28},"end":{"line":78,"column":79}},"line":78},"8":{"name":"(anonymous_8)","decl":{"start":{"line":81,"column":24},"end":{"line":81,"column":25}},"loc":{"start":{"line":81,"column":34},"end":{"line":83,"column":1}},"line":81},"9":{"name":"(anonymous_9)","decl":{"start":{"line":85,"column":29},"end":{"line":85,"column":30}},"loc":{"start":{"line":85,"column":35},"end":{"line":101,"column":1}},"line":85},"10":{"name":"(anonymous_10)","decl":{"start":{"line":88,"column":27},"end":{"line":88,"column":28}},"loc":{"start":{"line":88,"column":48},"end":{"line":98,"column":9}},"line":88},"11":{"name":"(anonymous_11)","decl":{"start":{"line":91,"column":28},"end":{"line":91,"column":29}},"loc":{"start":{"line":91,"column":45},"end":{"line":93,"column":17}},"line":91},"12":{"name":"(anonymous_12)","decl":{"start":{"line":94,"column":26},"end":{"line":94,"column":27}},"loc":{"start":{"line":94,"column":37},"end":{"line":96,"column":17}},"line":94}},"branchMap":{"0":{"loc":{"start":{"line":18,"column":26},"end":{"line":18,"column":41}},"type":"default-arg","locations":[{"start":{"line":18,"column":39},"end":{"line":18,"column":41}}],"line":18},"1":{"loc":{"start":{"line":22,"column":3},"end":{"line":24,"column":4}},"type":"if","locations":[{"start":{"line":22,"column":3},"end":{"line":24,"column":4}},{"start":{"line":22,"column":3},"end":{"line":24,"column":4}}],"line":22},"2":{"loc":{"start":{"line":28,"column":25},"end":{"line":28,"column":146}},"type":"cond-expr","locations":[{"start":{"line":28,"column":80},"end":{"line":28,"column":82}},{"start":{"line":28,"column":86},"end":{"line":28,"column":145}}],"line":28},"3":{"loc":{"start":{"line":28,"column":25},"end":{"line":28,"column":77}},"type":"binary-expr","locations":[{"start":{"line":28,"column":25},"end":{"line":28,"column":51}},{"start":{"line":28,"column":55},"end":{"line":28,"column":77}}],"line":28},"4":{"loc":{"start":{"line":28,"column":86},"end":{"line":28,"column":145}},"type":"cond-expr","locations":[{"start":{"line":28,"column":140},"end":{"line":28,"column":141}},{"start":{"line":28,"column":144},"end":{"line":28,"column":145}}],"line":28},"5":{"loc":{"start":{"line":28,"column":86},"end":{"line":28,"column":137}},"type":"binary-expr","locations":[{"start":{"line":28,"column":86},"end":{"line":28,"column":112}},{"start":{"line":28,"column":116},"end":{"line":28,"column":137}}],"line":28},"6":{"loc":{"start":{"line":32,"column":19},"end":{"line":32,"column":53}},"type":"cond-expr","locations":[{"start":{"line":32,"column":40},"end":{"line":32,"column":49}},{"start":{"line":32,"column":52},"end":{"line":32,"column":53}}],"line":32},"7":{"loc":{"start":{"line":34,"column":7},"end":{"line":36,"column":8}},"type":"if","locations":[{"start":{"line":34,"column":7},"end":{"line":36,"column":8}},{"start":{"line":34,"column":7},"end":{"line":36,"column":8}}],"line":34},"8":{"loc":{"start":{"line":39,"column":14},"end":{"line":39,"column":48}},"type":"cond-expr","locations":[{"start":{"line":39,"column":22},"end":{"line":39,"column":31}},{"start":{"line":39,"column":34},"end":{"line":39,"column":48}}],"line":39},"9":{"loc":{"start":{"line":47,"column":14},"end":{"line":47,"column":53}},"type":"binary-expr","locations":[{"start":{"line":47,"column":14},"end":{"line":47,"column":26}},{"start":{"line":47,"column":30},"end":{"line":47,"column":53}}],"line":47},"10":{"loc":{"start":{"line":50,"column":11},"end":{"line":55,"column":12}},"type":"if","locations":[{"start":{"line":50,"column":11},"end":{"line":55,"column":12}},{"start":{"line":50,"column":11},"end":{"line":55,"column":12}}],"line":50},"11":{"loc":{"start":{"line":66,"column":8},"end":{"line":68,"column":9}},"type":"if","locations":[{"start":{"line":66,"column":8},"end":{"line":68,"column":9}},{"start":{"line":66,"column":8},"end":{"line":68,"column":9}}],"line":66},"12":{"loc":{"start":{"line":66,"column":11},"end":{"line":66,"column":44}},"type":"binary-expr","locations":[{"start":{"line":66,"column":11},"end":{"line":66,"column":26}},{"start":{"line":66,"column":30},"end":{"line":66,"column":44}}],"line":66},"13":{"loc":{"start":{"line":86,"column":4},"end":{"line":99,"column":5}},"type":"if","locations":[{"start":{"line":86,"column":4},"end":{"line":99,"column":5}},{"start":{"line":86,"column":4},"end":{"line":99,"column":5}}],"line":86}},"s":{"0":2,"1":2,"2":2,"3":2,"4":2,"5":2,"6":0,"7":0,"8":0,"9":2,"10":3,"11":3,"12":1,"13":2,"14":5,"15":2,"16":6,"17":6,"18":2,"19":4,"20":2,"21":4,"22":4,"23":4,"24":6,"25":6,"26":6,"27":6,"28":6,"29":4,"30":2,"31":0,"32":0,"33":0,"34":0,"35":2,"36":1,"37":1,"38":1,"39":2,"40":3,"41":2,"42":2,"43":1,"44":1,"45":1,"46":0,"47":0,"48":1,"49":2},"f":{"0":0,"1":0,"2":3,"3":6,"4":4,"5":0,"6":1,"7":1,"8":3,"9":2,"10":1,"11":0,"12":0},"b":{"0":[1],"1":[1,2],"2":[0,5],"3":[5,5],"4":[0,5],"5":[5,5],"6":[6,0],"7":[2,4],"8":[2,2],"9":[10,6],"10":[6,0],"11":[0,0],"12":[0,0],"13":[1,1]},"_coverageSchema":"1a1c01bbd47fc00a2c39e90264f33305004495a9","hash":"94a8fb56b5738199ffd26d9f1feeb9730ec64705"}
}
