TN:
SF:src/config/index.js
FNF:0
FNH:0
DA:1,2
DA:2,2
DA:9,2
LF:3
LH:3
BRDA:6,0,0,0
BRDA:6,0,1,2
BRDA:7,1,0,0
BRDA:7,1,1,2
BRDA:7,2,0,2
BRDA:7,2,1,0
BRF:6
BRH:3
end_of_record
TN:
SF:src/controllers/report.controller.js
FN:8,(anonymous_0)
FN:10,(anonymous_1)
FN:41,(anonymous_2)
FN:58,(anonymous_3)
FN:64,(anonymous_4)
FN:64,(anonymous_5)
FN:73,(anonymous_6)
FN:83,(anonymous_7)
FN:83,(anonymous_8)
FN:91,(anonymous_9)
FN:98,(anonymous_10)
FN:126,(anonymous_11)
FN:212,(anonymous_12)
FN:229,(anonymous_13)
FNF:14
FNH:12
FNDA:1,(anonymous_0)
FNDA:0,(anonymous_1)
FNDA:0,(anonymous_2)
FNDA:3,(anonymous_3)
FNDA:4,(anonymous_4)
FNDA:4,(anonymous_5)
FNDA:5,(anonymous_6)
FNDA:5,(anonymous_7)
FNDA:5,(anonymous_8)
FNDA:3,(anonymous_9)
FNDA:3,(anonymous_10)
FNDA:4,(anonymous_11)
FNDA:4,(anonymous_12)
FNDA:1,(anonymous_13)
DA:2,1
DA:3,1
DA:4,1
DA:5,1
DA:6,1
DA:8,1
DA:9,1
DA:10,1
DA:11,0
DA:12,0
DA:14,0
DA:15,0
DA:18,0
DA:19,0
DA:20,0
DA:22,0
DA:24,0
DA:26,0
DA:29,0
DA:34,0
DA:36,0
DA:41,0
DA:42,0
DA:43,0
DA:49,0
DA:58,1
DA:60,3
DA:61,3
DA:62,2
DA:64,4
DA:67,1
DA:73,1
DA:74,5
DA:75,5
DA:76,1
DA:81,4
DA:82,4
DA:83,5
DA:84,3
DA:85,1
DA:91,2
DA:92,3
DA:93,2
DA:95,1
DA:98,2
DA:99,3
DA:100,2
DA:102,1
DA:105,2
DA:106,1
DA:111,1
DA:120,1
DA:126,1
DA:127,4
DA:128,4
DA:129,2
DA:134,2
DA:135,2
DA:136,1
DA:137,1
DA:144,1
DA:145,1
DA:147,1
DA:148,4
DA:149,2
DA:150,2
DA:151,2
DA:152,2
DA:153,2
DA:155,2
DA:156,1
DA:158,4
DA:159,1
DA:160,3
DA:161,1
DA:163,2
DA:164,2
DA:165,2
DA:166,2
DA:167,2
DA:168,2
DA:169,1
DA:170,1
DA:173,4
DA:177,1
DA:182,1
DA:183,1
DA:185,1
DA:186,1
DA:188,1
DA:190,1
DA:191,6
DA:193,1
DA:195,1
DA:196,2
DA:198,1
DA:200,1
DA:206,1
DA:212,1
DA:213,4
DA:214,4
DA:215,2
DA:220,2
DA:221,1
DA:226,1
DA:229,1
DA:230,1
DA:231,1
LF:108
LH:91
BRDA:11,0,0,0
BRDA:11,0,1,0
BRDA:14,1,0,0
BRDA:14,1,1,0
BRDA:42,2,0,0
BRDA:42,2,1,0
BRDA:61,3,0,2
BRDA:61,3,1,1
BRDA:74,4,0,1
BRDA:74,5,0,0
BRDA:74,6,0,0
BRDA:75,7,0,1
BRDA:75,7,1,4
BRDA:75,8,0,5
BRDA:75,8,1,4
BRDA:75,8,2,4
BRDA:82,9,0,3
BRDA:82,9,1,1
BRDA:84,10,0,1
BRDA:84,10,1,2
BRDA:92,11,0,2
BRDA:92,11,1,1
BRDA:99,12,0,2
BRDA:99,12,1,1
BRDA:105,13,0,1
BRDA:105,13,1,1
BRDA:105,14,0,2
BRDA:105,14,1,1
BRDA:127,15,0,1
BRDA:128,16,0,2
BRDA:128,16,1,2
BRDA:128,17,0,4
BRDA:128,17,1,3
BRDA:135,18,0,1
BRDA:135,18,1,1
BRDA:148,19,0,2
BRDA:148,19,1,2
BRDA:155,20,0,1
BRDA:155,20,1,1
BRDA:158,21,0,1
BRDA:158,21,1,3
BRDA:160,22,0,1
BRDA:160,22,1,2
BRDA:168,23,0,1
BRDA:168,23,1,1
BRDA:168,24,0,2
BRDA:168,24,1,2
BRDA:213,25,0,1
BRDA:214,26,0,2
BRDA:214,26,1,2
BRDA:214,27,0,4
BRDA:214,27,1,3
BRDA:220,28,0,1
BRDA:220,28,1,1
BRF:54
BRH:46
end_of_record
TN:
SF:src/services/helper.js
FN:9,(anonymous_0)
FN:12,(anonymous_1)
FN:18,(anonymous_2)
FN:31,(anonymous_3)
FN:42,(anonymous_4)
FN:64,(anonymous_5)
FN:76,(anonymous_6)
FN:78,(anonymous_7)
FN:81,(anonymous_8)
FN:85,(anonymous_9)
FN:88,(anonymous_10)
FN:91,(anonymous_11)
FN:94,(anonymous_12)
FNF:13
FNH:8
FNDA:0,(anonymous_0)
FNDA:0,(anonymous_1)
FNDA:3,(anonymous_2)
FNDA:6,(anonymous_3)
FNDA:4,(anonymous_4)
FNDA:0,(anonymous_5)
FNDA:1,(anonymous_6)
FNDA:1,(anonymous_7)
FNDA:3,(anonymous_8)
FNDA:2,(anonymous_9)
FNDA:1,(anonymous_10)
FNDA:0,(anonymous_11)
FNDA:0,(anonymous_12)
DA:2,2
DA:3,2
DA:4,2
DA:5,2
DA:6,2
DA:8,2
DA:10,0
DA:13,0
DA:14,0
DA:18,2
DA:19,3
DA:22,3
DA:23,1
DA:27,2
DA:28,5
DA:31,2
DA:32,6
DA:34,6
DA:35,2
DA:39,4
DA:42,2
DA:43,4
DA:44,4
DA:47,4
DA:48,6
DA:50,6
DA:51,6
DA:53,6
DA:54,6
DA:58,4
DA:62,2
DA:65,0
DA:66,0
DA:67,0
DA:69,0
DA:76,2
DA:77,1
DA:78,1
DA:81,2
DA:82,3
DA:85,2
DA:86,2
DA:87,1
DA:88,1
DA:89,1
DA:92,0
DA:95,0
DA:100,1
DA:103,2
LF:49
LH:40
BRDA:18,0,0,1
BRDA:22,1,0,1
BRDA:22,1,1,2
BRDA:28,2,0,0
BRDA:28,2,1,5
BRDA:28,3,0,5
BRDA:28,3,1,5
BRDA:28,4,0,0
BRDA:28,4,1,5
BRDA:28,5,0,5
BRDA:28,5,1,5
BRDA:32,6,0,6
BRDA:32,6,1,0
BRDA:34,7,0,2
BRDA:34,7,1,4
BRDA:39,8,0,2
BRDA:39,8,1,2
BRDA:47,9,0,10
BRDA:47,9,1,6
BRDA:50,10,0,6
BRDA:50,10,1,0
BRDA:66,11,0,0
BRDA:66,11,1,0
BRDA:66,12,0,0
BRDA:66,12,1,0
BRDA:86,13,0,1
BRDA:86,13,1,1
BRF:27
BRH:19
end_of_record
