TN:
SF:src/config/index.js
FNF:0
FNH:0
DA:1,2
DA:2,2
DA:9,2
LF:3
LH:3
BRDA:6,0,0,0
BRDA:6,0,1,2
BRDA:7,1,0,0
BRDA:7,1,1,2
BRDA:7,2,0,2
BRDA:7,2,1,0
BRF:6
BRH:3
end_of_record
TN:
SF:src/controllers/report.controller.js
FN:7,(anonymous_0)
FN:10,(anonymous_1)
FN:43,(anonymous_2)
FN:60,(anonymous_3)
FN:66,(anonymous_4)
FN:66,(anonymous_5)
FN:75,(anonymous_6)
FN:85,(anonymous_7)
FN:85,(anonymous_8)
FN:93,(anonymous_9)
FN:100,(anonymous_10)
FN:128,(anonymous_11)
FNF:12
FNH:10
FNDA:1,(anonymous_0)
FNDA:0,(anonymous_1)
FNDA:0,(anonymous_2)
FNDA:3,(anonymous_3)
FNDA:4,(anonymous_4)
FNDA:4,(anonymous_5)
FNDA:5,(anonymous_6)
FNDA:5,(anonymous_7)
FNDA:5,(anonymous_8)
FNDA:3,(anonymous_9)
FNDA:3,(anonymous_10)
FNDA:1,(anonymous_11)
DA:2,1
DA:3,1
DA:4,1
DA:5,1
DA:7,1
DA:8,1
DA:9,1
DA:10,1
DA:11,0
DA:12,0
DA:13,0
DA:15,0
DA:16,0
DA:17,0
DA:20,0
DA:21,0
DA:22,0
DA:24,0
DA:26,0
DA:28,0
DA:31,0
DA:36,0
DA:38,0
DA:43,0
DA:44,0
DA:45,0
DA:51,0
DA:60,1
DA:62,3
DA:63,3
DA:64,2
DA:66,4
DA:69,1
DA:75,1
DA:76,5
DA:77,5
DA:78,1
DA:83,4
DA:84,4
DA:85,5
DA:86,3
DA:87,1
DA:93,2
DA:94,3
DA:95,2
DA:97,1
DA:100,2
DA:101,3
DA:102,2
DA:104,1
DA:107,2
DA:108,1
DA:113,1
DA:122,1
DA:128,1
DA:129,1
DA:130,1
LF:57
LH:38
BRDA:12,0,0,0
BRDA:12,0,1,0
BRDA:16,1,0,0
BRDA:16,1,1,0
BRDA:44,2,0,0
BRDA:44,2,1,0
BRDA:63,3,0,2
BRDA:63,3,1,1
BRDA:76,4,0,1
BRDA:76,5,0,0
BRDA:76,6,0,0
BRDA:77,7,0,1
BRDA:77,7,1,4
BRDA:77,8,0,5
BRDA:77,8,1,4
BRDA:77,8,2,4
BRDA:84,9,0,3
BRDA:84,9,1,1
BRDA:86,10,0,1
BRDA:86,10,1,2
BRDA:94,11,0,2
BRDA:94,11,1,1
BRDA:101,12,0,2
BRDA:101,12,1,1
BRDA:107,13,0,1
BRDA:107,13,1,1
BRDA:107,14,0,2
BRDA:107,14,1,1
BRF:28
BRH:20
end_of_record
TN:
SF:src/services/helper.js
FN:9,(anonymous_0)
FN:12,(anonymous_1)
FN:20,(anonymous_2)
FN:32,(anonymous_3)
FN:34,(anonymous_4)
FN:37,(anonymous_5)
FN:40,(anonymous_6)
FN:43,(anonymous_7)
FN:46,(anonymous_8)
FNF:9
FNH:4
FNDA:0,(anonymous_0)
FNDA:0,(anonymous_1)
FNDA:0,(anonymous_2)
FNDA:1,(anonymous_3)
FNDA:1,(anonymous_4)
FNDA:2,(anonymous_5)
FNDA:1,(anonymous_6)
FNDA:0,(anonymous_7)
FNDA:0,(anonymous_8)
DA:2,2
DA:3,2
DA:4,2
DA:5,2
DA:6,2
DA:8,2
DA:10,0
DA:13,0
DA:14,0
DA:18,2
DA:21,0
DA:22,0
DA:23,0
DA:25,0
DA:32,2
DA:33,1
DA:34,1
DA:37,2
DA:38,2
DA:39,1
DA:40,1
DA:41,1
DA:44,0
DA:47,0
DA:52,1
DA:55,2
LF:26
LH:17
BRDA:22,0,0,0
BRDA:22,0,1,0
BRDA:22,1,0,0
BRDA:22,1,1,0
BRDA:38,2,0,1
BRDA:38,2,1,1
BRF:6
BRH:2
end_of_record
